<?xml version="1.0" encoding="UTF-8"?>
<testsuite xmlns:xsi="http://www.w3.org/2001/XMLSchema-instance" xsi:noNamespaceSchemaLocation="https://maven.apache.org/surefire/maven-surefire-plugin/xsd/surefire-test-report.xsd" name="Tests" time="1.214" tests="10" errors="0" skipped="0" failures="0">
  <properties>
    <property name="sun.desktop" value="windows"/>
    <property name="awt.toolkit" value="sun.awt.windows.WToolkit"/>
    <property name="file.encoding.pkg" value="sun.io"/>
    <property name="java.specification.version" value="1.8"/>
    <property name="sun.cpu.isalist" value="amd64"/>
    <property name="sun.jnu.encoding" value="Cp1252"/>
    <property name="java.class.path" value="D:\Exceptions\target\test-classes;D:\Exceptions\target\classes;C:\Users\yuliya.goncharenko\.m2\repository\junit\junit\4.12\junit-4.12.jar;C:\Users\yuliya.goncharenko\.m2\repository\org\hamcrest\hamcrest-core\1.3\hamcrest-core-1.3.jar;C:\Users\yuliya.goncharenko\.m2\repository\org\testng\testng\6.8\testng-6.8.jar;C:\Users\yuliya.goncharenko\.m2\repository\org\beanshell\bsh\2.0b4\bsh-2.0b4.jar;C:\Users\yuliya.goncharenko\.m2\repository\com\beust\jcommander\1.27\jcommander-1.27.jar;C:\Users\yuliya.goncharenko\.m2\repository\org\yaml\snakeyaml\1.6\snakeyaml-1.6.jar;C:\Users\yuliya.goncharenko\.m2\repository\org\apache\maven\surefire\surefire-testng-utils\2.20.1\surefire-testng-utils-2.20.1.jar;C:\Users\yuliya.goncharenko\.m2\repository\org\apache\maven\surefire\surefire-grouper\2.20.1\surefire-grouper-2.20.1.jar;"/>
    <property name="java.vm.vendor" value="Oracle Corporation"/>
    <property name="sun.arch.data.model" value="64"/>
    <property name="user.variant" value=""/>
    <property name="java.vendor.url" value="http://java.oracle.com/"/>
    <property name="user.timezone" value=""/>
    <property name="user.country.format" value="RU"/>
    <property name="java.vm.specification.version" value="1.8"/>
    <property name="os.name" value="Windows 7"/>
    <property name="user.country" value="US"/>
    <property name="sun.java.launcher" value="SUN_STANDARD"/>
    <property name="sun.boot.library.path" value="C:\Program Files\Java\jdk1.8.0_144\jre\bin"/>
    <property name="sun.java.command" value="C:\Users\YULIYA~1.GON\AppData\Local\Temp\surefire4584747057868771184\surefirebooter8802933924976178527.jar C:\Users\yuliya.goncharenko\AppData\Local\Temp\surefire4584747057868771184 2017-11-29T16-40-50_203-jvmRun1 surefire6434960606678604957tmp surefire_0379492112343428509tmp"/>
    <property name="surefire.test.class.path" value="D:\Exceptions\target\test-classes;D:\Exceptions\target\classes;C:\Users\yuliya.goncharenko\.m2\repository\junit\junit\4.12\junit-4.12.jar;C:\Users\yuliya.goncharenko\.m2\repository\org\hamcrest\hamcrest-core\1.3\hamcrest-core-1.3.jar;C:\Users\yuliya.goncharenko\.m2\repository\org\testng\testng\6.8\testng-6.8.jar;C:\Users\yuliya.goncharenko\.m2\repository\org\beanshell\bsh\2.0b4\bsh-2.0b4.jar;C:\Users\yuliya.goncharenko\.m2\repository\com\beust\jcommander\1.27\jcommander-1.27.jar;C:\Users\yuliya.goncharenko\.m2\repository\org\yaml\snakeyaml\1.6\snakeyaml-1.6.jar;C:\Users\yuliya.goncharenko\.m2\repository\org\apache\maven\surefire\surefire-testng-utils\2.20.1\surefire-testng-utils-2.20.1.jar;C:\Users\yuliya.goncharenko\.m2\repository\org\apache\maven\surefire\surefire-grouper\2.20.1\surefire-grouper-2.20.1.jar;"/>
    <property name="sun.cpu.endian" value="little"/>
    <property name="user.home" value="C:\Users\yuliya.goncharenko"/>
    <property name="user.language" value="en"/>
    <property name="java.specification.vendor" value="Oracle Corporation"/>
    <property name="java.home" value="C:\Program Files\Java\jdk1.8.0_144\jre"/>
    <property name="basedir" value="D:\Exceptions"/>
    <property name="file.separator" value="\"/>
    <property name="line.separator" value="&#10;"/>
    <property name="java.vm.specification.vendor" value="Oracle Corporation"/>
    <property name="java.specification.name" value="Java Platform API Specification"/>
    <property name="java.awt.graphicsenv" value="sun.awt.Win32GraphicsEnvironment"/>
    <property name="surefire.real.class.path" value="C:\Users\YULIYA~1.GON\AppData\Local\Temp\surefire4584747057868771184\surefirebooter8802933924976178527.jar"/>
    <property name="sun.boot.class.path" value="C:\Program Files\Java\jdk1.8.0_144\jre\lib\resources.jar;C:\Program Files\Java\jdk1.8.0_144\jre\lib\rt.jar;C:\Program Files\Java\jdk1.8.0_144\jre\lib\sunrsasign.jar;C:\Program Files\Java\jdk1.8.0_144\jre\lib\jsse.jar;C:\Program Files\Java\jdk1.8.0_144\jre\lib\jce.jar;C:\Program Files\Java\jdk1.8.0_144\jre\lib\charsets.jar;C:\Program Files\Java\jdk1.8.0_144\jre\lib\jfr.jar;C:\Program Files\Java\jdk1.8.0_144\jre\classes"/>
    <property name="user.script" value=""/>
    <property name="sun.management.compiler" value="HotSpot 64-Bit Tiered Compilers"/>
    <property name="java.runtime.version" value="1.8.0_144-b01"/>
    <property name="user.name" value="yuliya.goncharenko"/>
    <property name="path.separator" value=";"/>
    <property name="os.version" value="6.1"/>
    <property name="java.endorsed.dirs" value="C:\Program Files\Java\jdk1.8.0_144\jre\lib\endorsed"/>
    <property name="java.runtime.name" value="Java(TM) SE Runtime Environment"/>
    <property name="file.encoding" value="Cp1252"/>
    <property name="java.vm.name" value="Java HotSpot(TM) 64-Bit Server VM"/>
    <property name="localRepository" value="C:\Users\yuliya.goncharenko\.m2\repository"/>
    <property name="java.vendor.url.bug" value="http://bugreport.sun.com/bugreport/"/>
    <property name="java.io.tmpdir" value="C:\Users\YULIYA~1.GON\AppData\Local\Temp\"/>
    <property name="idea.version" value="2017.2.3"/>
    <property name="java.version" value="1.8.0_144"/>
    <property name="user.dir" value="D:\Exceptions"/>
    <property name="os.arch" value="amd64"/>
    <property name="java.vm.specification.name" value="Java Virtual Machine Specification"/>
    <property name="java.awt.printerjob" value="sun.awt.windows.WPrinterJob"/>
    <property name="user.language.format" value="ru"/>
    <property name="sun.os.patch.level" value="Service Pack 1"/>
    <property name="java.library.path" value="C:\Program Files\Java\jdk1.8.0_144\jre\bin;C:\Windows\Sun\Java\bin;C:\Windows\system32;C:\Windows;C:\Windows\system32;C:\Windows;C:\Windows\System32\Wbem;C:\Windows\System32\WindowsPowerShell\v1.0\;C:\Windows\System32\WindowsPowerShell\v1.0\;C:\Program Files (x86)\PuTTY\;C:\Program Files (x86)\Skype\Phone\;C:\Windows\System32\WindowsPowerShell\v1.0\;C:\Program Files\nodejs\;D:\Program Files\OpenVPN\bin;C:\Program Files\Java\jdk1.8.0_144\bin;C:\Program Files\JetBrains\IntelliJ IDEA Community Edition 2017.2.3\plugins\maven\lib\maven3\bin;C:\Gradle\gradle-4.2\bin;D:\Projects\Python\Python36\Scripts\;D:\Projects\Python\Python36\;C:\Program Files (x86)\Microsoft VS Code\bin;C:\Users\yuliya.goncharenko\AppData\Roaming\npm;D:\Projects\Fiddler;."/>
    <property name="java.vm.info" value="mixed mode"/>
    <property name="java.vendor" value="Oracle Corporation"/>
    <property name="java.vm.version" value="25.144-b01"/>
    <property name="java.ext.dirs" value="C:\Program Files\Java\jdk1.8.0_144\jre\lib\ext;C:\Windows\Sun\Java\lib\ext"/>
    <property name="sun.io.unicode.encoding" value="UnicodeLittle"/>
    <property name="java.class.version" value="52.0"/>
  </properties>
  <testcase name="Exception1Test on Exception1Test(Tests)" classname="Tests" time="0.01"/>
  <testcase name="Exception2Test on Exception2Test(Tests)" classname="Tests" time="0"/>
  <testcase name="Exception3Test on Exception3Test(Tests)" classname="Tests" time="0"/>
  <testcase name="Exception4Test on Exception4Test(Tests)" classname="Tests" time="0"/>
  <testcase name="Exception5Test on Exception5Test(Tests)" classname="Tests" time="0"/>
  <testcase name="Exception6Test on Exception6Test(Tests)" classname="Tests" time="0"/>
  <testcase name="Exception7Test on Exception7Test(Tests)" classname="Tests" time="0"/>
  <testcase name="Exception8Test on Exception8Test(Tests)" classname="Tests" time="0"/>
  <testcase name="Exception9Test on Exception9Test(Tests)" classname="Tests" time="0"/>
  <testcase name="Exception10Test on Exception10Test(Tests)" classname="Tests" time="0.06"/>
</testsuite>