<?xml version="1.0" encoding="UTF-8"?>
<!-- Generated by org.testng.reporters.JUnitReportReporter -->
<testsuite hostname="ODS1-LHP-F36945" name="Tests" tests="10" failures="0" timestamp="29 Nov 2017 14:40:52 GMT" time="0.060" errors="0">
  <testcase name="Exception3Test" time="0.000" classname="Tests"/>
  <testcase name="Exception9Test" time="0.000" classname="Tests"/>
  <testcase name="Exception5Test" time="0.000" classname="Tests"/>
  <testcase name="Exception2Test" time="0.000" classname="Tests"/>
  <testcase name="Exception10Test" time="0.060" classname="Tests"/>
  <testcase name="Exception4Test" time="0.000" classname="Tests"/>
  <testcase name="Exception6Test" time="0.000" classname="Tests"/>
  <testcase name="Exception8Test" time="0.000" classname="Tests"/>
  <testcase name="Exception7Test" time="0.000" classname="Tests"/>
  <testcase name="Exception1Test" time="0.000" classname="Tests"/>
</testsuite> <!-- Tests -->
